<?xml version="1.0" encoding="UTF-8"?>
<!-- Generated by org.testng.reporters.JUnitReportReporter -->
<testsuite hostname="IN-GDRY9K3" failures="0" tests="1" name="Selenium_MavenProject.Assignment.CreateAccount" time="12.515" errors="0" timestamp="21 Jul 2023 17:10:25 GMT" skipped="0">
  <testcase classname="Selenium_MavenProject.Assignment.CreateAccount" name="CreateNewuser" time="12.515"/>
</testsuite> <!-- Selenium_MavenProject.Assignment.CreateAccount -->
