<?xml version="1.0" encoding="UTF-8"?>
<!-- Generated by org.testng.reporters.JUnitReportReporter -->
<testsuite hostname="IN-GDRY9K3" failures="0" tests="5" name="Selenium_MavenProject.Assignment.LoginpageTesting" time="43.529" errors="0" timestamp="21 Jul 2023 18:32:38 GMT" skipped="0">
  <testcase classname="Selenium_MavenProject.Assignment.LoginpageTesting" name="LoginValidmailid" time="21.852"/>
  <testcase classname="Selenium_MavenProject.Assignment.LoginpageTesting" name="Loginvalidmailid" time="3.234"/>
  <testcase classname="Selenium_MavenProject.Assignment.LoginpageTesting" name="LogininValidPassword" time="5.142"/>
  <testcase classname="Selenium_MavenProject.Assignment.LoginpageTesting" name="Logblankuser" time="2.548"/>
  <testcase classname="Selenium_MavenProject.Assignment.LoginpageTesting" name="Loginblankpass" time="10.753"/>
</testsuite> <!-- Selenium_MavenProject.Assignment.LoginpageTesting -->
